2024-07-05 04:21:13.725 +00:00 [INF] Now listening on: http://localhost:5059
2024-07-05 04:21:13.924 +00:00 [INF] Application started. Press Ctrl+C to shut down.
2024-07-05 04:21:13.925 +00:00 [INF] Hosting environment: Development
2024-07-05 04:21:13.925 +00:00 [INF] Content root path: C:\Users\pulkit\Desktop\Assignments\mydo_services\EmployeeService\
2024-07-05 04:21:37.268 +00:00 [INF] Request starting HTTP/1.1 GET http://localhost:5059/swagger/index.html - -
2024-07-05 04:21:38.824 +00:00 [INF] Request finished HTTP/1.1 GET http://localhost:5059/swagger/index.html - - - 200 - text/html;charset=utf-8 1574.0053ms
2024-07-05 04:21:38.847 +00:00 [INF] Request starting HTTP/1.1 GET http://localhost:5059/_framework/aspnetcore-browser-refresh.js - -
2024-07-05 04:21:38.858 +00:00 [INF] Request finished HTTP/1.1 GET http://localhost:5059/_framework/aspnetcore-browser-refresh.js - - - 200 12362 application/javascript;+charset=utf-8 11.4200ms
2024-07-05 04:21:38.978 +00:00 [INF] Request starting HTTP/1.1 GET http://localhost:5059/_vs/browserLink - -
2024-07-05 04:21:39.208 +00:00 [INF] Request finished HTTP/1.1 GET http://localhost:5059/_vs/browserLink - - - 200 - text/javascript;+charset=UTF-8 229.6178ms
2024-07-05 04:21:39.271 +00:00 [INF] Request starting HTTP/1.1 GET http://localhost:5059/swagger/v1/swagger.json - -
2024-07-05 04:21:39.513 +00:00 [INF] Request finished HTTP/1.1 GET http://localhost:5059/swagger/v1/swagger.json - - - 200 - application/json;charset=utf-8 241.7129ms
2024-07-05 04:22:01.803 +00:00 [INF] Request starting HTTP/1.1 GET http://localhost:5059/api/Employee - -
2024-07-05 04:22:01.836 +00:00 [INF] Executing endpoint 'EmployeeService.Controllers.EmployeeController.Get (EmployeeService)'
2024-07-05 04:22:01.966 +00:00 [INF] Route matched with {action = "Get", controller = "Employee"}. Executing controller action with signature System.Threading.Tasks.Task`1[System.Collections.Generic.List`1[EmployeeService.Models.Employee]] Get() on controller EmployeeService.Controllers.EmployeeController (EmployeeService).
2024-07-05 04:22:03.814 +00:00 [INF] Entity Framework Core 6.0.30 initialized 'EmployeeContext' using provider 'Microsoft.EntityFrameworkCore.SqlServer:6.0.30' with options: None
2024-07-05 04:22:06.634 +00:00 [INF] Executed DbCommand (105ms) [Parameters=[], CommandType='"Text"', CommandTimeout='30']
SELECT [e].[Email], [e].[Designation], [e].[Id], [e].[Name], [e].[Password], [e].[Phone]
FROM [employeess] AS [e]
2024-07-05 04:22:06.835 +00:00 [INF] Executing ObjectResult, writing value of type 'System.Collections.Generic.List`1[[EmployeeService.Models.Employee, EmployeeService, Version=1.0.0.0, Culture=neutral, PublicKeyToken=null]]'.
2024-07-05 04:22:06.862 +00:00 [INF] Executed action EmployeeService.Controllers.EmployeeController.Get (EmployeeService) in 4888.9813ms
2024-07-05 04:22:06.865 +00:00 [INF] Executed endpoint 'EmployeeService.Controllers.EmployeeController.Get (EmployeeService)'
2024-07-05 04:22:06.881 +00:00 [INF] Request finished HTTP/1.1 GET http://localhost:5059/api/Employee - - - 200 - application/json;+charset=utf-8 5077.1919ms
2024-07-05 04:24:42.036 +00:00 [INF] Request starting HTTP/1.1 GET http://localhost:5059/api/Employee - -
2024-07-05 04:24:42.036 +00:00 [INF] Executing endpoint 'EmployeeService.Controllers.EmployeeController.Get (EmployeeService)'
2024-07-05 04:24:42.037 +00:00 [INF] Route matched with {action = "Get", controller = "Employee"}. Executing controller action with signature System.Threading.Tasks.Task`1[System.Collections.Generic.List`1[EmployeeService.Models.Employee]] Get() on controller EmployeeService.Controllers.EmployeeController (EmployeeService).
2024-07-05 04:24:42.084 +00:00 [INF] Entity Framework Core 6.0.30 initialized 'EmployeeContext' using provider 'Microsoft.EntityFrameworkCore.SqlServer:6.0.30' with options: None
2024-07-05 04:24:42.138 +00:00 [INF] Executed DbCommand (51ms) [Parameters=[], CommandType='"Text"', CommandTimeout='30']
SELECT [e].[Email], [e].[Designation], [e].[Id], [e].[Name], [e].[Password], [e].[Phone]
FROM [employeess] AS [e]
2024-07-05 04:24:42.139 +00:00 [INF] Executing ObjectResult, writing value of type 'System.Collections.Generic.List`1[[EmployeeService.Models.Employee, EmployeeService, Version=1.0.0.0, Culture=neutral, PublicKeyToken=null]]'.
2024-07-05 04:24:42.139 +00:00 [INF] Executed action EmployeeService.Controllers.EmployeeController.Get (EmployeeService) in 102.24ms
2024-07-05 04:24:42.139 +00:00 [INF] Executed endpoint 'EmployeeService.Controllers.EmployeeController.Get (EmployeeService)'
2024-07-05 04:24:42.139 +00:00 [INF] Request finished HTTP/1.1 GET http://localhost:5059/api/Employee - - - 200 - application/json;+charset=utf-8 103.5396ms
2024-07-05 04:26:04.008 +00:00 [INF] Now listening on: http://localhost:5059
2024-07-05 04:26:04.072 +00:00 [INF] Application started. Press Ctrl+C to shut down.
2024-07-05 04:26:04.073 +00:00 [INF] Hosting environment: Development
2024-07-05 04:26:04.074 +00:00 [INF] Content root path: C:\Users\pulkit\Desktop\Assignments\mydo_services\EmployeeService\
2024-07-05 04:26:05.689 +00:00 [INF] Request starting HTTP/1.1 GET http://localhost:5059/swagger/index.html - -
2024-07-05 04:26:06.607 +00:00 [INF] Request finished HTTP/1.1 GET http://localhost:5059/swagger/index.html - - - 200 - text/html;charset=utf-8 924.5815ms
2024-07-05 04:26:06.615 +00:00 [INF] Request starting HTTP/1.1 GET http://localhost:5059/_vs/browserLink - -
2024-07-05 04:26:06.661 +00:00 [INF] Request starting HTTP/1.1 GET http://localhost:5059/_framework/aspnetcore-browser-refresh.js - -
2024-07-05 04:26:06.692 +00:00 [INF] Request finished HTTP/1.1 GET http://localhost:5059/_framework/aspnetcore-browser-refresh.js - - - 200 12362 application/javascript;+charset=utf-8 30.6886ms
2024-07-05 04:26:06.869 +00:00 [INF] Request finished HTTP/1.1 GET http://localhost:5059/_vs/browserLink - - - 200 - text/javascript;+charset=UTF-8 254.1657ms
2024-07-05 04:26:07.125 +00:00 [INF] Request starting HTTP/1.1 GET http://localhost:5059/swagger/v1/swagger.json - -
2024-07-05 04:26:07.352 +00:00 [INF] Request finished HTTP/1.1 GET http://localhost:5059/swagger/v1/swagger.json - - - 200 - application/json;charset=utf-8 227.5382ms
2024-07-05 04:26:17.184 +00:00 [INF] Request starting HTTP/1.1 GET http://localhost:5059/api/Employee - -
2024-07-05 04:26:17.191 +00:00 [INF] Executing endpoint 'EmployeeService.Controllers.EmployeeController.Get (EmployeeService)'
2024-07-05 04:26:17.224 +00:00 [INF] Route matched with {action = "Get", controller = "Employee"}. Executing controller action with signature System.Threading.Tasks.Task`1[System.Collections.Generic.List`1[EmployeeService.Models.Employee]] Get() on controller EmployeeService.Controllers.EmployeeController (EmployeeService).
2024-07-05 04:26:18.168 +00:00 [INF] Entity Framework Core 6.0.30 initialized 'EmployeeContext' using provider 'Microsoft.EntityFrameworkCore.SqlServer:6.0.30' with options: None
2024-07-05 04:26:19.059 +00:00 [INF] Executed DbCommand (75ms) [Parameters=[], CommandType='"Text"', CommandTimeout='30']
SELECT [e].[Email], [e].[Designation], [e].[Id], [e].[Name], [e].[Password], [e].[Phone]
FROM [employeess] AS [e]
2024-07-05 04:26:19.209 +00:00 [INF] Executing ObjectResult, writing value of type 'System.Collections.Generic.List`1[[EmployeeService.Models.Employee, EmployeeService, Version=1.0.0.0, Culture=neutral, PublicKeyToken=null]]'.
2024-07-05 04:26:19.231 +00:00 [INF] Executed action EmployeeService.Controllers.EmployeeController.Get (EmployeeService) in 2000.2076ms
2024-07-05 04:26:19.233 +00:00 [INF] Executed endpoint 'EmployeeService.Controllers.EmployeeController.Get (EmployeeService)'
2024-07-05 04:26:19.242 +00:00 [INF] Request finished HTTP/1.1 GET http://localhost:5059/api/Employee - - - 200 - application/json;+charset=utf-8 2058.0469ms
2024-07-05 04:26:35.721 +00:00 [INF] Request starting HTTP/1.1 POST http://localhost:5059/api/Employee application/json 1
2024-07-05 04:26:35.721 +00:00 [INF] Executing endpoint 'EmployeeService.Controllers.EmployeeController.Post (EmployeeService)'
2024-07-05 04:26:35.763 +00:00 [INF] Route matched with {action = "Post", controller = "Employee"}. Executing controller action with signature Void Post(EmployeeService.Models.Employee) on controller EmployeeService.Controllers.EmployeeController (EmployeeService).
2024-07-05 04:26:35.913 +00:00 [INF] Executing BadRequestObjectResult, writing value of type 'Microsoft.AspNetCore.Mvc.ValidationProblemDetails'.
2024-07-05 04:26:35.928 +00:00 [INF] Executed action EmployeeService.Controllers.EmployeeController.Post (EmployeeService) in 165.08ms
2024-07-05 04:26:35.928 +00:00 [INF] Executed endpoint 'EmployeeService.Controllers.EmployeeController.Post (EmployeeService)'
2024-07-05 04:26:35.928 +00:00 [INF] Request finished HTTP/1.1 POST http://localhost:5059/api/Employee application/json 1 - 400 - application/problem+json;+charset=utf-8 207.1278ms
2024-07-05 04:26:55.124 +00:00 [INF] Request starting HTTP/1.1 POST http://localhost:5059/api/Employee application/json 1
2024-07-05 04:26:55.124 +00:00 [INF] Executing endpoint 'EmployeeService.Controllers.EmployeeController.Post (EmployeeService)'
2024-07-05 04:26:55.124 +00:00 [INF] Route matched with {action = "Post", controller = "Employee"}. Executing controller action with signature Void Post(EmployeeService.Models.Employee) on controller EmployeeService.Controllers.EmployeeController (EmployeeService).
2024-07-05 04:26:55.130 +00:00 [INF] Executing BadRequestObjectResult, writing value of type 'Microsoft.AspNetCore.Mvc.ValidationProblemDetails'.
2024-07-05 04:26:55.130 +00:00 [INF] Executed action EmployeeService.Controllers.EmployeeController.Post (EmployeeService) in 5.5294ms
2024-07-05 04:26:55.130 +00:00 [INF] Executed endpoint 'EmployeeService.Controllers.EmployeeController.Post (EmployeeService)'
2024-07-05 04:26:55.130 +00:00 [INF] Request finished HTTP/1.1 POST http://localhost:5059/api/Employee application/json 1 - 400 - application/problem+json;+charset=utf-8 6.2705ms
2024-07-05 04:36:21.480 +00:00 [INF] Now listening on: http://localhost:5059
2024-07-05 04:36:21.546 +00:00 [INF] Application started. Press Ctrl+C to shut down.
2024-07-05 04:36:21.547 +00:00 [INF] Hosting environment: Development
2024-07-05 04:36:21.547 +00:00 [INF] Content root path: C:\Users\pulkit\Desktop\Assignments\mydo_services\EmployeeService\
2024-07-05 04:36:22.943 +00:00 [INF] Request starting HTTP/1.1 GET http://localhost:5059/swagger/index.html - -
2024-07-05 04:36:23.968 +00:00 [INF] Request finished HTTP/1.1 GET http://localhost:5059/swagger/index.html - - - 200 - text/html;charset=utf-8 1033.1228ms
2024-07-05 04:36:24.037 +00:00 [INF] Request starting HTTP/1.1 GET http://localhost:5059/_vs/browserLink - -
2024-07-05 04:36:24.041 +00:00 [INF] Request starting HTTP/1.1 GET http://localhost:5059/_framework/aspnetcore-browser-refresh.js - -
2024-07-05 04:36:24.047 +00:00 [INF] Request finished HTTP/1.1 GET http://localhost:5059/_framework/aspnetcore-browser-refresh.js - - - 200 12362 application/javascript;+charset=utf-8 6.2285ms
2024-07-05 04:36:24.167 +00:00 [INF] Request finished HTTP/1.1 GET http://localhost:5059/_vs/browserLink - - - 200 - text/javascript;+charset=UTF-8 140.6221ms
2024-07-05 04:36:24.243 +00:00 [INF] Request starting HTTP/1.1 GET http://localhost:5059/swagger/v1/swagger.json - -
2024-07-05 04:36:24.509 +00:00 [INF] Request finished HTTP/1.1 GET http://localhost:5059/swagger/v1/swagger.json - - - 200 - application/json;charset=utf-8 266.5092ms
2024-07-05 04:36:35.099 +00:00 [INF] Request starting HTTP/1.1 GET http://localhost:5059/api/Employee - -
2024-07-05 04:36:35.110 +00:00 [INF] Executing endpoint 'EmployeeService.Controllers.EmployeeController.Get (EmployeeService)'
2024-07-05 04:36:35.144 +00:00 [INF] Route matched with {action = "Get", controller = "Employee"}. Executing controller action with signature System.Threading.Tasks.Task`1[System.Collections.Generic.List`1[EmployeeService.Models.Employee]] Get() on controller EmployeeService.Controllers.EmployeeController (EmployeeService).
2024-07-05 04:36:36.154 +00:00 [INF] Entity Framework Core 6.0.30 initialized 'EmployeeContext' using provider 'Microsoft.EntityFrameworkCore.SqlServer:6.0.30' with options: None
2024-07-05 04:36:37.207 +00:00 [INF] Executed DbCommand (95ms) [Parameters=[], CommandType='"Text"', CommandTimeout='30']
SELECT [e].[Email], [e].[Designation], [e].[Id], [e].[Name], [e].[Password], [e].[Phone]
FROM [employeess] AS [e]
2024-07-05 04:36:37.444 +00:00 [INF] Executing ObjectResult, writing value of type 'System.Collections.Generic.List`1[[EmployeeService.Models.Employee, EmployeeService, Version=1.0.0.0, Culture=neutral, PublicKeyToken=null]]'.
2024-07-05 04:36:37.474 +00:00 [INF] Executed action EmployeeService.Controllers.EmployeeController.Get (EmployeeService) in 2321.2475ms
2024-07-05 04:36:37.476 +00:00 [INF] Executed endpoint 'EmployeeService.Controllers.EmployeeController.Get (EmployeeService)'
2024-07-05 04:36:37.512 +00:00 [INF] Request finished HTTP/1.1 GET http://localhost:5059/api/Employee - - - 200 - application/json;+charset=utf-8 2413.5252ms
2024-07-05 04:36:41.148 +00:00 [INF] Request starting HTTP/1.1 GET http://localhost:5059/api/Employee - -
2024-07-05 04:36:41.149 +00:00 [INF] Executing endpoint 'EmployeeService.Controllers.EmployeeController.Get (EmployeeService)'
2024-07-05 04:36:41.149 +00:00 [INF] Route matched with {action = "Get", controller = "Employee"}. Executing controller action with signature System.Threading.Tasks.Task`1[System.Collections.Generic.List`1[EmployeeService.Models.Employee]] Get() on controller EmployeeService.Controllers.EmployeeController (EmployeeService).
2024-07-05 04:36:41.151 +00:00 [INF] Entity Framework Core 6.0.30 initialized 'EmployeeContext' using provider 'Microsoft.EntityFrameworkCore.SqlServer:6.0.30' with options: None
2024-07-05 04:36:41.163 +00:00 [INF] Executed DbCommand (9ms) [Parameters=[], CommandType='"Text"', CommandTimeout='30']
SELECT [e].[Email], [e].[Designation], [e].[Id], [e].[Name], [e].[Password], [e].[Phone]
FROM [employeess] AS [e]
2024-07-05 04:36:41.164 +00:00 [INF] Executing ObjectResult, writing value of type 'System.Collections.Generic.List`1[[EmployeeService.Models.Employee, EmployeeService, Version=1.0.0.0, Culture=neutral, PublicKeyToken=null]]'.
2024-07-05 04:36:41.164 +00:00 [INF] Executed action EmployeeService.Controllers.EmployeeController.Get (EmployeeService) in 14.4751ms
2024-07-05 04:36:41.164 +00:00 [INF] Executed endpoint 'EmployeeService.Controllers.EmployeeController.Get (EmployeeService)'
2024-07-05 04:36:41.164 +00:00 [INF] Request finished HTTP/1.1 GET http://localhost:5059/api/Employee - - - 200 - application/json;+charset=utf-8 15.6706ms
2024-07-05 04:37:37.358 +00:00 [INF] Now listening on: http://localhost:5059
2024-07-05 04:37:37.464 +00:00 [INF] Application started. Press Ctrl+C to shut down.
2024-07-05 04:37:37.465 +00:00 [INF] Hosting environment: Development
2024-07-05 04:37:37.465 +00:00 [INF] Content root path: C:\Users\pulkit\Desktop\Assignments\mydo_services\EmployeeService\
2024-07-05 04:37:38.728 +00:00 [INF] Request starting HTTP/1.1 GET http://localhost:5059/swagger/index.html - -
2024-07-05 04:37:39.615 +00:00 [INF] Request finished HTTP/1.1 GET http://localhost:5059/swagger/index.html - - - 200 - text/html;charset=utf-8 895.0781ms
2024-07-05 04:37:39.649 +00:00 [INF] Request starting HTTP/1.1 GET http://localhost:5059/_vs/browserLink - -
2024-07-05 04:37:39.651 +00:00 [INF] Request starting HTTP/1.1 GET http://localhost:5059/_framework/aspnetcore-browser-refresh.js - -
2024-07-05 04:37:39.665 +00:00 [INF] Request finished HTTP/1.1 GET http://localhost:5059/_framework/aspnetcore-browser-refresh.js - - - 200 12362 application/javascript;+charset=utf-8 13.8388ms
2024-07-05 04:37:39.746 +00:00 [INF] Request finished HTTP/1.1 GET http://localhost:5059/_vs/browserLink - - - 200 - text/javascript;+charset=UTF-8 96.9972ms
2024-07-05 04:37:39.891 +00:00 [INF] Request starting HTTP/1.1 GET http://localhost:5059/swagger/v1/swagger.json - -
2024-07-05 04:37:40.099 +00:00 [INF] Request finished HTTP/1.1 GET http://localhost:5059/swagger/v1/swagger.json - - - 200 - application/json;charset=utf-8 207.6565ms
2024-07-05 04:38:18.292 +00:00 [INF] Request starting HTTP/1.1 GET http://localhost:5059/api/Employee - -
2024-07-05 04:38:18.344 +00:00 [INF] Executing endpoint 'EmployeeService.Controllers.EmployeeController.Get (EmployeeService)'
2024-07-05 04:38:18.377 +00:00 [INF] Route matched with {action = "Get", controller = "Employee"}. Executing controller action with signature System.Threading.Tasks.Task`1[System.Collections.Generic.List`1[EmployeeService.Models.Employee]] Get() on controller EmployeeService.Controllers.EmployeeController (EmployeeService).
2024-07-05 04:38:19.352 +00:00 [INF] Entity Framework Core 6.0.30 initialized 'EmployeeContext' using provider 'Microsoft.EntityFrameworkCore.SqlServer:6.0.30' with options: None
2024-07-05 04:38:20.401 +00:00 [INF] Executed DbCommand (85ms) [Parameters=[], CommandType='"Text"', CommandTimeout='30']
SELECT [e].[Email], [e].[Designation], [e].[Id], [e].[Name], [e].[Password], [e].[Phone]
FROM [employeess] AS [e]
2024-07-05 04:38:20.549 +00:00 [INF] Executing ObjectResult, writing value of type 'System.Collections.Generic.List`1[[EmployeeService.Models.Employee, EmployeeService, Version=1.0.0.0, Culture=neutral, PublicKeyToken=null]]'.
2024-07-05 04:38:20.579 +00:00 [INF] Executed action EmployeeService.Controllers.EmployeeController.Get (EmployeeService) in 2187.9708ms
2024-07-05 04:38:20.582 +00:00 [INF] Executed endpoint 'EmployeeService.Controllers.EmployeeController.Get (EmployeeService)'
2024-07-05 04:38:20.596 +00:00 [INF] Request finished HTTP/1.1 GET http://localhost:5059/api/Employee - - - 200 - application/json;+charset=utf-8 2303.7229ms
2024-07-05 04:38:43.379 +00:00 [INF] Now listening on: http://localhost:5059
2024-07-05 04:38:43.456 +00:00 [INF] Application started. Press Ctrl+C to shut down.
2024-07-05 04:38:43.457 +00:00 [INF] Hosting environment: Development
2024-07-05 04:38:43.457 +00:00 [INF] Content root path: C:\Users\pulkit\Desktop\Assignments\mydo_services\EmployeeService\
2024-07-05 04:38:44.769 +00:00 [INF] Request starting HTTP/1.1 GET http://localhost:5059/swagger/index.html - -
2024-07-05 04:38:45.698 +00:00 [INF] Request finished HTTP/1.1 GET http://localhost:5059/swagger/index.html - - - 200 - text/html;charset=utf-8 941.7653ms
2024-07-05 04:38:46.948 +00:00 [INF] Request starting HTTP/1.1 GET http://localhost:5059/_framework/aspnetcore-browser-refresh.js - -
2024-07-05 04:38:46.953 +00:00 [INF] Request finished HTTP/1.1 GET http://localhost:5059/_framework/aspnetcore-browser-refresh.js - - - 200 12362 application/javascript;+charset=utf-8 5.2761ms
2024-07-05 04:38:47.042 +00:00 [INF] Request starting HTTP/1.1 GET http://localhost:5059/_vs/browserLink - -
2024-07-05 04:38:47.077 +00:00 [INF] Request finished HTTP/1.1 GET http://localhost:5059/_vs/browserLink - - - 200 - text/javascript;+charset=UTF-8 34.4638ms
2024-07-05 04:38:47.293 +00:00 [INF] Request starting HTTP/1.1 GET http://localhost:5059/swagger/v1/swagger.json - -
2024-07-05 04:38:47.497 +00:00 [INF] Request finished HTTP/1.1 GET http://localhost:5059/swagger/v1/swagger.json - - - 200 - application/json;charset=utf-8 203.2373ms
2024-07-05 04:39:00.202 +00:00 [INF] Now listening on: http://localhost:5059
2024-07-05 04:39:00.264 +00:00 [INF] Application started. Press Ctrl+C to shut down.
2024-07-05 04:39:00.265 +00:00 [INF] Hosting environment: Development
2024-07-05 04:39:00.265 +00:00 [INF] Content root path: C:\Users\pulkit\Desktop\Assignments\mydo_services\EmployeeService\
2024-07-05 04:39:01.586 +00:00 [INF] Request starting HTTP/1.1 GET http://localhost:5059/swagger/index.html - -
2024-07-05 04:39:02.484 +00:00 [INF] Request finished HTTP/1.1 GET http://localhost:5059/swagger/index.html - - - 200 - text/html;charset=utf-8 910.1738ms
2024-07-05 04:39:03.225 +00:00 [INF] Request starting HTTP/1.1 GET http://localhost:5059/_framework/aspnetcore-browser-refresh.js - -
2024-07-05 04:39:03.230 +00:00 [INF] Request finished HTTP/1.1 GET http://localhost:5059/_framework/aspnetcore-browser-refresh.js - - - 200 12362 application/javascript;+charset=utf-8 4.8481ms
2024-07-05 04:39:03.308 +00:00 [INF] Request starting HTTP/1.1 GET http://localhost:5059/_vs/browserLink - -
2024-07-05 04:39:03.347 +00:00 [INF] Request finished HTTP/1.1 GET http://localhost:5059/_vs/browserLink - - - 200 - text/javascript;+charset=UTF-8 39.0535ms
2024-07-05 04:39:03.494 +00:00 [INF] Request starting HTTP/1.1 GET http://localhost:5059/swagger/v1/swagger.json - -
2024-07-05 04:39:03.681 +00:00 [INF] Request finished HTTP/1.1 GET http://localhost:5059/swagger/v1/swagger.json - - - 200 - application/json;charset=utf-8 187.1403ms
2024-07-05 04:39:23.906 +00:00 [INF] Now listening on: http://localhost:5059
2024-07-05 04:39:23.979 +00:00 [INF] Application started. Press Ctrl+C to shut down.
2024-07-05 04:39:23.980 +00:00 [INF] Hosting environment: Development
2024-07-05 04:39:23.981 +00:00 [INF] Content root path: C:\Users\pulkit\Desktop\Assignments\mydo_services\EmployeeService\
2024-07-05 04:39:25.302 +00:00 [INF] Request starting HTTP/1.1 GET http://localhost:5059/swagger/index.html - -
2024-07-05 04:39:26.201 +00:00 [INF] Request starting HTTP/1.1 GET http://localhost:5059/_framework/aspnetcore-browser-refresh.js - -
2024-07-05 04:39:26.210 +00:00 [INF] Request finished HTTP/1.1 GET http://localhost:5059/_framework/aspnetcore-browser-refresh.js - - - 200 12362 application/javascript;+charset=utf-8 8.3166ms
2024-07-05 04:39:26.211 +00:00 [INF] Request finished HTTP/1.1 GET http://localhost:5059/swagger/index.html - - - 200 - text/html;charset=utf-8 925.9962ms
2024-07-05 04:39:26.239 +00:00 [INF] Request starting HTTP/1.1 GET http://localhost:5059/_vs/browserLink - -
2024-07-05 04:39:26.339 +00:00 [INF] Request finished HTTP/1.1 GET http://localhost:5059/_vs/browserLink - - - 200 - text/javascript;+charset=UTF-8 100.3289ms
2024-07-05 04:39:26.416 +00:00 [INF] Request starting HTTP/1.1 GET http://localhost:5059/swagger/v1/swagger.json - -
2024-07-05 04:39:26.687 +00:00 [INF] Request finished HTTP/1.1 GET http://localhost:5059/swagger/v1/swagger.json - - - 200 - application/json;charset=utf-8 270.2156ms
